# JRE version: Java(TM) SE Runtime Environment (8.0_221-b11) (build 1.8.0_221-b11)
# Java VM: Java HotSpot(TM) 64-Bit Server VM (25.221-b11 mixed mode windows-amd64 compressed oops)
Heap:
 PSYoungGen      total 140288K, used 32591K [0x00000000d5f80000, 0x00000000e3b80000, 0x0000000100000000)
  eden space 131072K, 24% used [0x00000000d5f80000,0x00000000d7f53ea0,0x00000000ddf80000)
  from space 9216K, 0% used [0x00000000ddf80000,0x00000000ddf80000,0x00000000de880000)
  to   space 11776K, 0% used [0x00000000e3000000,0x00000000e3000000,0x00000000e3b80000)
 ParOldGen       total 78336K, used 17530K [0x0000000081e00000, 0x0000000086a80000, 0x00000000d5f80000)
  object space 78336K, 22% used [0x0000000081e00000,0x0000000082f1e878,0x0000000086a80000)
 Metaspace       used 38001K, capacity 39740K, committed 40104K, reserved 1083392K
  class space    used 5104K, capacity 5434K, committed 5544K, reserved 1048576K
GC Heap History (10 events):
Event: 1.840 GC heap before
{Heap before GC invocations=5 (full 0):
 PSYoungGen      total 71680K, used 16121K [0x00000000d5f80000, 0x00000000daa80000, 0x0000000100000000)
  eden space 66560K, 16% used [0x00000000d5f80000,0x00000000d6a44e70,0x00000000da080000)
  from space 5120K, 99% used [0x00000000da580000,0x00000000daa795f0,0x00000000daa80000)
  to   space 5120K, 0% used [0x00000000da080000,0x00000000da080000,0x00000000da580000)
 ParOldGen       total 87552K, used 5286K [0x0000000081e00000, 0x0000000087380000, 0x00000000d5f80000)
  object space 87552K, 6% used [0x0000000081e00000,0x0000000082329900,0x0000000087380000)
 Metaspace       used 20516K, capacity 21228K, committed 21296K, reserved 1067008K
  class space    used 2729K, capacity 2923K, committed 2944K, reserved 1048576K
Event: 1.847 GC heap after
Heap after GC invocations=5 (full 0):
 PSYoungGen      total 71680K, used 5113K [0x00000000d5f80000, 0x00000000df180000, 0x0000000100000000)
  eden space 66560K, 0% used [0x00000000d5f80000,0x00000000d5f80000,0x00000000da080000)
  from space 5120K, 99% used [0x00000000da080000,0x00000000da57e750,0x00000000da580000)
  to   space 8192K, 0% used [0x00000000de980000,0x00000000de980000,0x00000000df180000)
 ParOldGen       total 87552K, used 6991K [0x0000000081e00000, 0x0000000087380000, 0x00000000d5f80000)
  object space 87552K, 7% used [0x0000000081e00000,0x00000000824d3c38,0x0000000087380000)
 Metaspace       used 20516K, capacity 21228K, committed 21296K, reserved 1067008K
  class space    used 2729K, capacity 2923K, committed 2944K, reserved 1048576K
}
Event: 1.847 GC heap before
{Heap before GC invocations=6 (full 1):
 PSYoungGen      total 71680K, used 5113K [0x00000000d5f80000, 0x00000000df180000, 0x0000000100000000)
  eden space 66560K, 0% used [0x00000000d5f80000,0x00000000d5f80000,0x00000000da080000)
  from space 5120K, 99% used [0x00000000da080000,0x00000000da57e750,0x00000000da580000)
  to   space 8192K, 0% used [0x00000000de980000,0x00000000de980000,0x00000000df180000)
 ParOldGen       total 87552K, used 6991K [0x0000000081e00000, 0x0000000087380000, 0x00000000d5f80000)
  object space 87552K, 7% used [0x0000000081e00000,0x00000000824d3c38,0x0000000087380000)
 Metaspace       used 20516K, capacity 21228K, committed 21296K, reserved 1067008K
  class space    used 2729K, capacity 2923K, committed 2944K, reserved 1048576K
Event: 1.880 GC heap after
Heap after GC invocations=6 (full 1):
 PSYoungGen      total 71680K, used 0K [0x00000000d5f80000, 0x00000000df180000, 0x0000000100000000)
  eden space 66560K, 0% used [0x00000000d5f80000,0x00000000d5f80000,0x00000000da080000)
  from space 5120K, 0% used [0x00000000da080000,0x00000000da080000,0x00000000da580000)
  to   space 8192K, 0% used [0x00000000de980000,0x00000000de980000,0x00000000df180000)
 ParOldGen       total 50688K, used 7155K [0x0000000081e00000, 0x0000000084f80000, 0x00000000d5f80000)
  object space 50688K, 14% used [0x0000000081e00000,0x00000000824fcce0,0x0000000084f80000)
 Metaspace       used 20512K, capacity 21222K, committed 21296K, reserved 1067008K
  class space    used 2728K, capacity 2922K, committed 2944K, reserved 1048576K
}
Event: 2.555 GC heap before
{Heap before GC invocations=7 (full 1):
 PSYoungGen      total 71680K, used 66560K [0x00000000d5f80000, 0x00000000df180000, 0x0000000100000000)
  eden space 66560K, 100% used [0x00000000d5f80000,0x00000000da080000,0x00000000da080000)
  from space 5120K, 0% used [0x00000000da080000,0x00000000da080000,0x00000000da580000)
  to   space 8192K, 0% used [0x00000000de980000,0x00000000de980000,0x00000000df180000)
 ParOldGen       total 50688K, used 7155K [0x0000000081e00000, 0x0000000084f80000, 0x00000000d5f80000)
  object space 50688K, 14% used [0x0000000081e00000,0x00000000824fcce0,0x0000000084f80000)
 Metaspace       used 25105K, capacity 26202K, committed 26496K, reserved 1073152K
  class space    used 3424K, capacity 3662K, committed 3712K, reserved 1048576K
Event: 2.562 GC heap after
Heap after GC invocations=7 (full 1):
 PSYoungGen      total 125440K, used 8183K [0x00000000d5f80000, 0x00000000df180000, 0x0000000100000000)
  eden space 117248K, 0% used [0x00000000d5f80000,0x00000000d5f80000,0x00000000dd200000)
  from space 8192K, 99% used [0x00000000de980000,0x00000000df17df80,0x00000000df180000)
  to   space 9216K, 0% used [0x00000000ddf80000,0x00000000ddf80000,0x00000000de880000)
 ParOldGen       total 50688K, used 7435K [0x0000000081e00000, 0x0000000084f80000, 0x00000000d5f80000)
  object space 50688K, 14% used [0x0000000081e00000,0x0000000082542e68,0x0000000084f80000)
 Metaspace       used 25105K, capacity 26202K, committed 26496K, reserved 1073152K
  class space    used 3424K, capacity 3662K, committed 3712K, reserved 1048576K
}
Event: 3.434 GC heap before
{Heap before GC invocations=8 (full 1):
 PSYoungGen      total 125440K, used 113819K [0x00000000d5f80000, 0x00000000df180000, 0x0000000100000000)
  eden space 117248K, 90% used [0x00000000d5f80000,0x00000000dc6a8d20,0x00000000dd200000)
  from space 8192K, 99% used [0x00000000de980000,0x00000000df17df80,0x00000000df180000)
  to   space 9216K, 0% used [0x00000000ddf80000,0x00000000ddf80000,0x00000000de880000)
 ParOldGen       total 50688K, used 7435K [0x0000000081e00000, 0x0000000084f80000, 0x00000000d5f80000)
  object space 50688K, 14% used [0x0000000081e00000,0x0000000082542e68,0x0000000084f80000)
 Metaspace       used 33764K, capacity 35350K, committed 35496K, reserved 1079296K
  class space    used 4454K, capacity 4758K, committed 4776K, reserved 1048576K
Event: 3.447 GC heap after
Heap after GC invocations=8 (full 1):
 PSYoungGen      total 140288K, used 9184K [0x00000000d5f80000, 0x00000000e3b80000, 0x0000000100000000)
  eden space 131072K, 0% used [0x00000000d5f80000,0x00000000d5f80000,0x00000000ddf80000)
  from space 9216K, 99% used [0x00000000ddf80000,0x00000000de8783d0,0x00000000de880000)
  to   space 11776K, 0% used [0x00000000e3000000,0x00000000e3000000,0x00000000e3b80000)
 ParOldGen       total 50688K, used 11128K [0x0000000081e00000, 0x0000000084f80000, 0x00000000d5f80000)
  object space 50688K, 21% used [0x0000000081e00000,0x00000000828de158,0x0000000084f80000)
 Metaspace       used 33764K, capacity 35350K, committed 35496K, reserved 1079296K
  class space    used 4454K, capacity 4758K, committed 4776K, reserved 1048576K
}
Event: 3.447 GC heap before
{Heap before GC invocations=9 (full 2):
 PSYoungGen      total 140288K, used 9184K [0x00000000d5f80000, 0x00000000e3b80000, 0x0000000100000000)
  eden space 131072K, 0% used [0x00000000d5f80000,0x00000000d5f80000,0x00000000ddf80000)
  from space 9216K, 99% used [0x00000000ddf80000,0x00000000de8783d0,0x00000000de880000)
  to   space 11776K, 0% used [0x00000000e3000000,0x00000000e3000000,0x00000000e3b80000)
 ParOldGen       total 50688K, used 11128K [0x0000000081e00000, 0x0000000084f80000, 0x00000000d5f80000)
  object space 50688K, 21% used [0x0000000081e00000,0x00000000828de158,0x0000000084f80000)
 Metaspace       used 33764K, capacity 35350K, committed 35496K, reserved 1079296K
  class space    used 4454K, capacity 4758K, committed 4776K, reserved 1048576K
Event: 3.517 GC heap after
Heap after GC invocations=9 (full 2):
 PSYoungGen      total 140288K, used 0K [0x00000000d5f80000, 0x00000000e3b80000, 0x0000000100000000)
  eden space 131072K, 0% used [0x00000000d5f80000,0x00000000d5f80000,0x00000000ddf80000)
  from space 9216K, 0% used [0x00000000ddf80000,0x00000000ddf80000,0x00000000de880000)
  to   space 11776K, 0% used [0x00000000e3000000,0x00000000e3000000,0x00000000e3b80000)
 ParOldGen       total 78336K, used 17530K [0x0000000081e00000, 0x0000000086a80000, 0x00000000d5f80000)
  object space 78336K, 22% used [0x0000000081e00000,0x0000000082f1e878,0x0000000086a80000)
 Metaspace       used 33764K, capacity 35350K, committed 35496K, reserved 1079296K
  class space    used 4454K, capacity 4758K, committed 4776K, reserved 1048576K
}

